a:\github\tqdt33\code\opengl\opengl\debug\vc120.pdb
a:\github\tqdt33\code\opengl\opengl\debug\vc120.idb
a:\github\tqdt33\code\opengl\opengl\debug\main.obj
a:\github\tqdt33\code\opengl\debug\opengl.pdb
a:\github\tqdt33\code\opengl\opengl\debug\opengl.tlog\cl.command.1.tlog
a:\github\tqdt33\code\opengl\opengl\debug\opengl.tlog\cl.read.1.tlog
a:\github\tqdt33\code\opengl\opengl\debug\opengl.tlog\cl.write.1.tlog
a:\github\tqdt33\code\opengl\opengl\debug\opengl.tlog\link-cvtres.read.1.tlog
a:\github\tqdt33\code\opengl\opengl\debug\opengl.tlog\link-cvtres.write.1.tlog
a:\github\tqdt33\code\opengl\opengl\debug\opengl.tlog\link-rc.read.1.tlog
a:\github\tqdt33\code\opengl\opengl\debug\opengl.tlog\link-rc.write.1.tlog
a:\github\tqdt33\code\opengl\opengl\debug\opengl.tlog\link.7152-cvtres.read.1.tlog
a:\github\tqdt33\code\opengl\opengl\debug\opengl.tlog\link.7152-cvtres.write.1.tlog
a:\github\tqdt33\code\opengl\opengl\debug\opengl.tlog\link.7152-rc.read.1.tlog
a:\github\tqdt33\code\opengl\opengl\debug\opengl.tlog\link.7152-rc.write.1.tlog
a:\github\tqdt33\code\opengl\opengl\debug\opengl.tlog\link.7152.read.1.tlog
a:\github\tqdt33\code\opengl\opengl\debug\opengl.tlog\link.7152.write.1.tlog
a:\github\tqdt33\code\opengl\opengl\debug\opengl.tlog\link.command.1.tlog
a:\github\tqdt33\code\opengl\opengl\debug\opengl.tlog\link.read.1.tlog
a:\github\tqdt33\code\opengl\opengl\debug\opengl.tlog\link.write.1.tlog
