Build started 2015-06-25 13:12:22.
     1>Project "C:\Users\torso\Documents\GitHub\TQDT33\Code\OpenCL\OpenCL\OpenCL.vcxproj" on node 2 (Build target(s)).
     1>_Intel_OpenCL_Build_Rules:
         Preprocessing: Template.cl
         cmd.exe /Q /C "C:\Users\torso\AppData\Local\Temp\tmp66a0773159c247fb82a9a5545dd936f8.cmd"
         "C:\Intel\INDE\code_builder_5.1.0.25\bin\x86\ioc32.exe" -cmd=build -input="C:\Users\torso\Documents\GitHub\TQDT33\Code\OpenCL\OpenCL\Template.cl" -output="Debug\Template.out" -VS -device=CPU -simd=default -targetos=current        -bo="           "
         Setting target instruction set architecture to: Default (Advanced Vector Extension 2 (AVX2))
         OpenCL Intel CPU device was found!
         Device name: Intel(R) Core(TM) i5-4590 CPU @ 3.30GHz
         Device version: OpenCL 1.2 (Build 148)
         Device vendor: Intel(R) Corporation
         Device profile: FULL_PROFILE
         Compilation started
         Compilation done
         Linking started
         Linking done
         Device build started
         Device build done
         Kernel <Add> was successfully vectorized
         Done.
         Build succeeded!
         
       ClCompile:
         C:\Program Files (x86)\Microsoft Visual Studio 12.0\VC\bin\CL.exe /c /IC:\Intel\INDE\code_builder_5.1.0.25\include /Zi /nologo /W3 /WX- /Od /Oy- /D Win32 /D _DEBUG /D _CONSOLE /D _UNICODE /D UNICODE /Gm /EHsc /RTC1 /MDd /GS /fp:precise /Zc:wchar_t /Zc:forScope /Fo"Debug\\" /Fd"Debug\vc120.pdb" /Gd /TP /analyze- /errorReport:prompt OpenCL.cpp
         OpenCL.cpp
     1>OpenCL.cpp(532): warning C4996: 'clCreateCommandQueue': was declared deprecated
                 C:\Intel\INDE\code_builder_5.1.0.25\include\CL\cl.h(1359) : see declaration of 'clCreateCommandQueue'
       Link:
         C:\Program Files (x86)\Microsoft Visual Studio 12.0\VC\bin\link.exe /ERRORREPORT:PROMPT /OUT:"C:\Users\torso\Documents\GitHub\TQDT33\Code\OpenCL\Debug\OpenCL.exe" /INCREMENTAL /NOLOGO /LIBPATH:C:\Intel\INDE\code_builder_5.1.0.25\lib\x86 OpenCL.lib kernel32.lib user32.lib gdi32.lib winspool.lib comdlg32.lib advapi32.lib shell32.lib ole32.lib oleaut32.lib uuid.lib odbc32.lib odbccp32.lib /MANIFEST /MANIFESTUAC:"level='asInvoker' uiAccess='false'" /manifest:embed /DEBUG /PDB:"C:\Users\torso\Documents\GitHub\TQDT33\Code\OpenCL\Debug\OpenCL.pdb" /TLBID:1 /DYNAMICBASE /NXCOMPAT /IMPLIB:"C:\Users\torso\Documents\GitHub\TQDT33\Code\OpenCL\Debug\OpenCL.lib" /MACHINE:X86 Debug\OpenCL.obj
         Debug\utils.obj
         OpenCL.vcxproj -> C:\Users\torso\Documents\GitHub\TQDT33\Code\OpenCL\Debug\OpenCL.exe
       PostBuildEvent:
         If exist "*.cl" copy "*.cl" "C:\Users\torso\Documents\GitHub\TQDT33\Code\OpenCL\Debug\\"
         :VCEnd
         Template.cl
                 1 fil(er) kopierad(e).
     1>Done Building Project "C:\Users\torso\Documents\GitHub\TQDT33\Code\OpenCL\OpenCL\OpenCL.vcxproj" (Build target(s)).

Build succeeded.

Time Elapsed 00:00:01.49
