c:\users\torso\documents\github\tqdt33\code\directcompute\directcompute\debug\vc120.pdb
c:\users\torso\documents\github\tqdt33\code\directcompute\directcompute\debug\vc120.idb
c:\users\torso\documents\github\tqdt33\code\directcompute\directcompute\debug\main.obj
c:\users\torso\documents\github\tqdt33\code\directcompute\debug\computeshader.cso
c:\users\torso\documents\github\tqdt33\code\directcompute\debug\directcompute.ilk
c:\users\torso\documents\github\tqdt33\code\directcompute\debug\directcompute.exe
c:\users\torso\documents\github\tqdt33\code\directcompute\debug\directcompute.pdb
c:\users\torso\documents\github\tqdt33\code\directcompute\directcompute\debug\directcompute.res
c:\users\torso\documents\github\tqdt33\code\directcompute\directcompute\debug\directcompute.tlog\cl.command.1.tlog
c:\users\torso\documents\github\tqdt33\code\directcompute\directcompute\debug\directcompute.tlog\cl.read.1.tlog
c:\users\torso\documents\github\tqdt33\code\directcompute\directcompute\debug\directcompute.tlog\cl.write.1.tlog
c:\users\torso\documents\github\tqdt33\code\directcompute\directcompute\debug\directcompute.tlog\directcompute.write.1u.tlog
c:\users\torso\documents\github\tqdt33\code\directcompute\directcompute\debug\directcompute.tlog\fxc.command.1.tlog
c:\users\torso\documents\github\tqdt33\code\directcompute\directcompute\debug\directcompute.tlog\fxc.read.1.tlog
c:\users\torso\documents\github\tqdt33\code\directcompute\directcompute\debug\directcompute.tlog\fxc.write.1.tlog
c:\users\torso\documents\github\tqdt33\code\directcompute\directcompute\debug\directcompute.tlog\link.command.1.tlog
c:\users\torso\documents\github\tqdt33\code\directcompute\directcompute\debug\directcompute.tlog\link.read.1.tlog
c:\users\torso\documents\github\tqdt33\code\directcompute\directcompute\debug\directcompute.tlog\link.write.1.tlog
c:\users\torso\documents\github\tqdt33\code\directcompute\directcompute\debug\directcompute.tlog\rc.command.1.tlog
c:\users\torso\documents\github\tqdt33\code\directcompute\directcompute\debug\directcompute.tlog\rc.read.1.tlog
c:\users\torso\documents\github\tqdt33\code\directcompute\directcompute\debug\directcompute.tlog\rc.write.1.tlog
